# JRE version: Java(TM) SE Runtime Environment 18.9 (11.0.20+9) (build 11.0.20+9-LTS-256)
# Java VM: Java HotSpot(TM) 64-Bit Server VM 18.9 (11.0.20+9-LTS-256, mixed mode, tiered, compressed oops, g1 gc, windows-amd64)
Heap:
 garbage-first heap   total 260096K, used 145753K [0x0000000700000000, 0x0000000800000000)
  region size 1024K, 13 young (13312K), 2 survivors (2048K)
 Metaspace       used 150678K, capacity 155224K, committed 155428K, reserved 1175552K
  class space    used 18675K, capacity 20455K, committed 20572K, reserved 1040384K
GC Heap History (10 events):
Event: 100.437 GC heap before
{Heap before GC invocations=32 (full 0):
 garbage-first heap   total 260096K, used 215274K [0x0000000700000000, 0x0000000800000000)
  region size 1024K, 107 young (109568K), 11 survivors (11264K)
 Metaspace       used 145309K, capacity 149705K, committed 150052K, reserved 1171456K
  class space    used 18201K, capacity 19912K, committed 20060K, reserved 1040384K
}
Event: 100.456 GC heap after
{Heap after GC invocations=33 (full 0):
 garbage-first heap   total 260096K, used 119485K [0x0000000700000000, 0x0000000800000000)
  region size 1024K, 10 young (10240K), 10 survivors (10240K)
 Metaspace       used 145309K, capacity 149705K, committed 150052K, reserved 1171456K
  class space    used 18201K, capacity 19912K, committed 20060K, reserved 1040384K
}
Event: 104.115 GC heap before
{Heap before GC invocations=33 (full 0):
 garbage-first heap   total 260096K, used 216765K [0x0000000700000000, 0x0000000800000000)
  region size 1024K, 105 young (107520K), 10 survivors (10240K)
 Metaspace       used 148894K, capacity 153404K, committed 153764K, reserved 1175552K
  class space    used 18589K, capacity 20333K, committed 20444K, reserved 1040384K
}
Event: 104.132 GC heap after
{Heap after GC invocations=34 (full 0):
 garbage-first heap   total 260096K, used 120401K [0x0000000700000000, 0x0000000800000000)
  region size 1024K, 4 young (4096K), 4 survivors (4096K)
 Metaspace       used 148894K, capacity 153404K, committed 153764K, reserved 1175552K
  class space    used 18589K, capacity 20333K, committed 20444K, reserved 1040384K
}
Event: 108.928 GC heap before
{Heap before GC invocations=34 (full 0):
 garbage-first heap   total 260096K, used 176721K [0x0000000700000000, 0x0000000800000000)
  region size 1024K, 60 young (61440K), 4 survivors (4096K)
 Metaspace       used 149599K, capacity 154123K, committed 154276K, reserved 1175552K
  class space    used 18625K, capacity 20398K, committed 20444K, reserved 1040384K
}
Event: 108.949 GC heap after
{Heap after GC invocations=35 (full 0):
 garbage-first heap   total 260096K, used 129617K [0x0000000700000000, 0x0000000800000000)
  region size 1024K, 13 young (13312K), 13 survivors (13312K)
 Metaspace       used 149599K, capacity 154123K, committed 154276K, reserved 1175552K
  class space    used 18625K, capacity 20398K, committed 20444K, reserved 1040384K
}
Event: 113.480 GC heap before
{Heap before GC invocations=36 (full 0):
 garbage-first heap   total 260096K, used 207441K [0x0000000700000000, 0x0000000800000000)
  region size 1024K, 88 young (90112K), 13 survivors (13312K)
 Metaspace       used 150310K, capacity 154828K, committed 155044K, reserved 1175552K
  class space    used 18655K, capacity 20410K, committed 20444K, reserved 1040384K
}
Event: 113.521 GC heap after
{Heap after GC invocations=37 (full 0):
 garbage-first heap   total 260096K, used 138672K [0x0000000700000000, 0x0000000800000000)
  region size 1024K, 9 young (9216K), 9 survivors (9216K)
 Metaspace       used 150310K, capacity 154828K, committed 155044K, reserved 1175552K
  class space    used 18655K, capacity 20410K, committed 20444K, reserved 1040384K
}
Event: 113.956 GC heap before
{Heap before GC invocations=37 (full 0):
 garbage-first heap   total 260096K, used 141744K [0x0000000700000000, 0x0000000800000000)
  region size 1024K, 12 young (12288K), 9 survivors (9216K)
 Metaspace       used 150378K, capacity 154842K, committed 155044K, reserved 1175552K
  class space    used 18660K, capacity 20415K, committed 20444K, reserved 1040384K
}
Event: 113.973 GC heap after
{Heap after GC invocations=38 (full 0):
 garbage-first heap   total 260096K, used 135513K [0x0000000700000000, 0x0000000800000000)
  region size 1024K, 2 young (2048K), 2 survivors (2048K)
 Metaspace       used 150378K, capacity 154842K, committed 155044K, reserved 1175552K
  class space    used 18660K, capacity 20415K, committed 20444K, reserved 1040384K
}

